<?xml version="1.0" encoding="UTF-8"?>
<testng-results ignored="0" total="1" passed="1" failed="0" skipped="0">
  <reporter-output>
  </reporter-output>
  <suite started-at="2021-06-14T11:18:53 CDT" name="Default suite" finished-at="2021-06-14T11:18:59 CDT" duration-ms="5524">
    <groups>
    </groups>
    <test started-at="2021-06-14T11:18:53 CDT" name="Default test" finished-at="2021-06-14T11:18:59 CDT" duration-ms="5524">
      <class name="com.sel.prac.TestRun">
        <test-method signature="set()[pri:0, instance:com.sel.prac.TestRun@69e1dd28]" started-at="2021-06-14T11:18:53 CDT" name="set" finished-at="2021-06-14T11:18:59 CDT" duration-ms="5487" status="PASS">
          <reporter-output>
          </reporter-output>
        </test-method> <!-- set -->
      </class> <!-- com.sel.prac.TestRun -->
    </test> <!-- Default test -->
  </suite> <!-- Default suite -->
</testng-results>
